{
  message: 'database connected',
  level: 'info',
  label: 'omar',
  timestamp: '2023-07-07T06:27:16.569Z'
}
{
  message: 'application app listening on port 5000',
  level: 'info',
  label: 'omar',
  timestamp: '2023-07-07T06:27:16.586Z'
}
{
  message: 'database connected',
  level: 'info',
  label: 'omar',
  timestamp: '2023-07-07T06:28:32.908Z'
}
{
  message: 'application app listening on port 5000',
  level: 'info',
  label: 'omar',
  timestamp: '2023-07-07T06:28:32.936Z'
}
{
  message: 'database connected',
  level: 'info',
  label: 'omar',
  timestamp: '2023-07-07T06:29:15.398Z'
}
{
  message: 'application app listening on port 5000',
  level: 'info',
  label: 'omar',
  timestamp: '2023-07-07T06:29:15.409Z'
}
{
  message: 'database connected',
  level: 'info',
  label: 'omar',
  timestamp: '2023-07-07T06:32:36.693Z'
}
{
  message: 'application app listening on port 5000',
  level: 'info',
  label: 'omar',
  timestamp: '2023-07-07T06:32:36.704Z'
}
{
  message: 'database connected',
  level: 'info',
  label: 'omar',
  timestamp: '2023-07-07T06:32:59.114Z'
}
{
  message: 'application app listening on port 5000',
  level: 'info',
  label: 'omar',
  timestamp: '2023-07-07T06:32:59.150Z'
}
{
  message: 'database connected',
  level: 'info',
  label: 'omar',
  timestamp: '2023-07-07T06:33:07.545Z'
}
{
  message: 'application app listening on port 5000',
  level: 'info',
  label: 'omar',
  timestamp: '2023-07-07T06:33:07.556Z'
}
