{
  message: 'database connected',
  level: 'info',
  label: 'omar',
  timestamp: '2023-07-07T04:08:26.771Z'
}
{
  message: 'application app listening on port 5000',
  level: 'info',
  label: 'omar',
  timestamp: '2023-07-07T04:08:26.785Z'
}
{
  message: 'database connected',
  level: 'info',
  label: 'omar',
  timestamp: '2023-07-07T04:13:50.611Z'
}
{
  message: 'application app listening on port 5000',
  level: 'info',
  label: 'omar',
  timestamp: '2023-07-07T04:13:50.623Z'
}
{
  message: 'database connected',
  level: 'info',
  label: 'omar',
  timestamp: '2023-07-07T04:19:06.710Z'
}
{
  message: 'application app listening on port 5000',
  level: 'info',
  label: 'omar',
  timestamp: '2023-07-07T04:19:06.730Z'
}
{
  message: 'database connected',
  level: 'info',
  label: 'omar',
  timestamp: '2023-07-07T04:52:13.604Z'
}
{
  message: 'application app listening on port 5000',
  level: 'info',
  label: 'omar',
  timestamp: '2023-07-07T04:52:13.630Z'
}
