{
  message: 'database connected',
  level: 'info',
  label: 'omar',
  timestamp: '2023-07-06T10:02:24.772Z'
}
{
  message: 'application app listening on port 5000',
  level: 'info',
  label: 'omar',
  timestamp: '2023-07-06T10:02:24.787Z'
}
{
  message: 'database connected',
  level: 'info',
  label: 'omar',
  timestamp: '2023-07-06T10:02:26.750Z'
}
{
  message: 'application app listening on port 5000',
  level: 'info',
  label: 'omar',
  timestamp: '2023-07-06T10:02:26.774Z'
}
{
  message: 'database connected',
  level: 'info',
  label: 'omar',
  timestamp: '2023-07-06T10:06:17.488Z'
}
{
  message: 'application app listening on port 5000',
  level: 'info',
  label: 'omar',
  timestamp: '2023-07-06T10:06:17.516Z'
}
{
  message: 'database connected',
  level: 'info',
  label: 'omar',
  timestamp: '2023-07-06T10:29:52.234Z'
}
{
  message: 'application app listening on port 5000',
  level: 'info',
  label: 'omar',
  timestamp: '2023-07-06T10:29:52.245Z'
}
{
  message: 'database connected',
  level: 'info',
  label: 'omar',
  timestamp: '2023-07-06T10:31:16.669Z'
}
{
  message: 'application app listening on port 5000',
  level: 'info',
  label: 'omar',
  timestamp: '2023-07-06T10:31:16.696Z'
}
{
  message: 'database connected',
  level: 'info',
  label: 'omar',
  timestamp: '2023-07-06T10:31:50.816Z'
}
{
  message: 'application app listening on port 5000',
  level: 'info',
  label: 'omar',
  timestamp: '2023-07-06T10:31:50.838Z'
}
{
  message: 'database connected',
  level: 'info',
  label: 'omar',
  timestamp: '2023-07-06T10:36:47.950Z'
}
{
  message: 'application app listening on port 5000',
  level: 'info',
  label: 'omar',
  timestamp: '2023-07-06T10:36:47.968Z'
}
{
  message: 'database connected',
  level: 'info',
  label: 'omar',
  timestamp: '2023-07-06T10:38:50.015Z'
}
{
  message: 'application app listening on port 5000',
  level: 'info',
  label: 'omar',
  timestamp: '2023-07-06T10:38:50.034Z'
}
