{
  message: 'database connected',
  level: 'info',
  label: 'omar',
  timestamp: '2023-06-25T10:00:34.456Z'
}
{
  message: 'application app listening on port 5000',
  level: 'info',
  label: 'omar',
  timestamp: '2023-06-25T10:00:34.520Z'
}
{
  message: 'database connected',
  level: 'info',
  label: 'omar',
  timestamp: '2023-06-25T10:10:42.177Z'
}
{
  message: 'application app listening on port 5000',
  level: 'info',
  label: 'omar',
  timestamp: '2023-06-25T10:10:42.187Z'
}
{
  message: 'database connected',
  level: 'info',
  label: 'omar',
  timestamp: '2023-06-25T10:32:50.399Z'
}
{
  message: 'application app listening on port 5000',
  level: 'info',
  label: 'omar',
  timestamp: '2023-06-25T10:32:50.409Z'
}
{
  message: 'database connected',
  level: 'info',
  label: 'omar',
  timestamp: '2023-06-25T10:33:18.503Z'
}
{
  message: 'application app listening on port 5000',
  level: 'info',
  label: 'omar',
  timestamp: '2023-06-25T10:33:18.514Z'
}
{
  message: 'database connected',
  level: 'info',
  label: 'omar',
  timestamp: '2023-06-25T10:36:08.377Z'
}
{
  message: 'application app listening on port 5000',
  level: 'info',
  label: 'omar',
  timestamp: '2023-06-25T10:36:08.393Z'
}
{
  message: 'database connected',
  level: 'info',
  label: 'omar',
  timestamp: '2023-06-25T10:38:21.939Z'
}
{
  message: 'application app listening on port 5000',
  level: 'info',
  label: 'omar',
  timestamp: '2023-06-25T10:38:21.950Z'
}
{
  message: 'database connected',
  level: 'info',
  label: 'omar',
  timestamp: '2023-06-25T10:39:57.375Z'
}
{
  message: 'application app listening on port 5000',
  level: 'info',
  label: 'omar',
  timestamp: '2023-06-25T10:39:57.385Z'
}
{
  message: 'database connected',
  level: 'info',
  label: 'omar',
  timestamp: '2023-06-25T10:40:47.304Z'
}
{
  message: 'application app listening on port 5000',
  level: 'info',
  label: 'omar',
  timestamp: '2023-06-25T10:40:47.325Z'
}
{
  message: 'database connected',
  level: 'info',
  label: 'omar',
  timestamp: '2023-06-25T10:41:46.065Z'
}
{
  message: 'application app listening on port 5000',
  level: 'info',
  label: 'omar',
  timestamp: '2023-06-25T10:41:46.078Z'
}
{
  message: 'database connected',
  level: 'info',
  label: 'omar',
  timestamp: '2023-06-25T10:45:42.684Z'
}
{
  message: 'application app listening on port 5000',
  level: 'info',
  label: 'omar',
  timestamp: '2023-06-25T10:45:42.723Z'
}
{
  message: 'database connected',
  level: 'info',
  label: 'omar',
  timestamp: '2023-06-25T10:46:47.561Z'
}
{
  message: 'application app listening on port 5000',
  level: 'info',
  label: 'omar',
  timestamp: '2023-06-25T10:46:47.573Z'
}
