{
  message: 'database connected',
  level: 'info',
  label: 'omar',
  timestamp: '2023-07-07T05:18:34.655Z'
}
{
  message: 'application app listening on port 5000',
  level: 'info',
  label: 'omar',
  timestamp: '2023-07-07T05:18:34.668Z'
}
{
  message: 'database connected',
  level: 'info',
  label: 'omar',
  timestamp: '2023-07-07T05:26:25.114Z'
}
{
  message: 'application app listening on port 5000',
  level: 'info',
  label: 'omar',
  timestamp: '2023-07-07T05:26:25.134Z'
}
{
  message: 'database connected',
  level: 'info',
  label: 'omar',
  timestamp: '2023-07-07T05:40:29.681Z'
}
{
  message: 'application app listening on port 5000',
  level: 'info',
  label: 'omar',
  timestamp: '2023-07-07T05:40:29.692Z'
}
{
  message: 'database connected',
  level: 'info',
  label: 'omar',
  timestamp: '2023-07-07T05:46:39.078Z'
}
{
  message: 'application app listening on port 5000',
  level: 'info',
  label: 'omar',
  timestamp: '2023-07-07T05:46:39.089Z'
}
{
  message: 'database connected',
  level: 'info',
  label: 'omar',
  timestamp: '2023-07-07T05:49:36.078Z'
}
{
  message: 'application app listening on port 5000',
  level: 'info',
  label: 'omar',
  timestamp: '2023-07-07T05:49:36.100Z'
}
{
  message: 'database connected',
  level: 'info',
  label: 'omar',
  timestamp: '2023-07-07T05:51:42.458Z'
}
{
  message: 'application app listening on port 5000',
  level: 'info',
  label: 'omar',
  timestamp: '2023-07-07T05:51:42.473Z'
}
{
  message: 'database connected',
  level: 'info',
  label: 'omar',
  timestamp: '2023-07-07T05:52:57.098Z'
}
{
  message: 'application app listening on port 5000',
  level: 'info',
  label: 'omar',
  timestamp: '2023-07-07T05:52:57.115Z'
}
{
  message: 'database connected',
  level: 'info',
  label: 'omar',
  timestamp: '2023-07-07T05:56:39.469Z'
}
{
  message: 'application app listening on port 5000',
  level: 'info',
  label: 'omar',
  timestamp: '2023-07-07T05:56:39.488Z'
}
